  Server R-Type.cpp
c:\program files (x86)\windows kits\8.1\include\shared\ws2def.h(100): warning C4005: 'AF_IPX' : redéfinition de macro
  c:\program files (x86)\windows kits\8.1\include\um\winsock.h(452): note: voir la définition précédente de 'AF_IPX'
c:\program files (x86)\windows kits\8.1\include\shared\ws2def.h(140): warning C4005: 'AF_MAX' : redéfinition de macro
  c:\program files (x86)\windows kits\8.1\include\um\winsock.h(471): note: voir la définition précédente de 'AF_MAX'
c:\program files (x86)\windows kits\8.1\include\shared\ws2def.h(177): warning C4005: 'SO_DONTLINGER' : redéfinition de macro
  c:\program files (x86)\windows kits\8.1\include\um\winsock.h(394): note: voir la définition précédente de 'SO_DONTLINGER'
c:\program files (x86)\windows kits\8.1\include\shared\ws2def.h(221): error C2011: 'sockaddr' : redéfinition du type 'struct'
  c:\program files (x86)\windows kits\8.1\include\um\winsock.h(1002): note: voir la déclaration de 'sockaddr'
c:\program files (x86)\windows kits\8.1\include\shared\ws2def.h(421): error C2059: erreur de syntaxe : 'constant'
c:\program files (x86)\windows kits\8.1\include\shared\ws2def.h(421): error C3805: 'constant' : jeton inattendu, '}' ou ',' attendue
c:\program files (x86)\windows kits\8.1\include\shared\ws2def.h(556): warning C4005: 'IN_CLASSA' : redéfinition de macro
  c:\program files (x86)\windows kits\8.1\include\um\winsock.h(279): note: voir la définition précédente de 'IN_CLASSA'
c:\program files (x86)\windows kits\8.1\include\shared\ws2def.h(562): warning C4005: 'IN_CLASSB' : redéfinition de macro
  c:\program files (x86)\windows kits\8.1\include\um\winsock.h(285): note: voir la définition précédente de 'IN_CLASSB'
c:\program files (x86)\windows kits\8.1\include\shared\ws2def.h(568): warning C4005: 'IN_CLASSC' : redéfinition de macro
  c:\program files (x86)\windows kits\8.1\include\um\winsock.h(291): note: voir la définition précédente de 'IN_CLASSC'
c:\program files (x86)\windows kits\8.1\include\shared\ws2def.h(579): warning C4005: 'INADDR_ANY' : redéfinition de macro
  c:\program files (x86)\windows kits\8.1\include\um\winsock.h(296): note: voir la définition précédente de 'INADDR_ANY'
c:\program files (x86)\windows kits\8.1\include\shared\ws2def.h(581): warning C4005: 'INADDR_BROADCAST' : redéfinition de macro
  c:\program files (x86)\windows kits\8.1\include\um\winsock.h(298): note: voir la définition précédente de 'INADDR_BROADCAST'
c:\program files (x86)\windows kits\8.1\include\shared\ws2def.h(615): error C2011: 'sockaddr_in' : redéfinition du type 'struct'
  c:\program files (x86)\windows kits\8.1\include\um\winsock.h(1006): note: voir la déclaration de 'sockaddr_in'
c:\program files (x86)\windows kits\8.1\include\um\winsock2.h(136): error C2011: 'fd_set' : redéfinition du type 'struct'
  c:\program files (x86)\windows kits\8.1\include\um\winsock.h(1014): note: voir la déclaration de 'fd_set'
c:\program files (x86)\windows kits\8.1\include\um\winsock2.h(156): warning C4005: 'FD_CLR' : redéfinition de macro
  c:\program files (x86)\windows kits\8.1\include\um\winsock.h(89): note: voir la définition précédente de 'FD_CLR'
c:\program files (x86)\windows kits\8.1\include\um\winsock2.h(171): warning C4005: 'FD_SET' : redéfinition de macro
  c:\program files (x86)\windows kits\8.1\include\um\winsock.h(94): note: voir la définition précédente de 'FD_SET'
c:\program files (x86)\windows kits\8.1\include\um\winsock2.h(180): error C2011: 'timeval' : redéfinition du type 'struct'
  c:\program files (x86)\windows kits\8.1\include\um\winsock.h(1030): note: voir la déclaration de 'timeval'
c:\program files (x86)\windows kits\8.1\include\um\winsock2.h(236): error C2011: 'hostent' : redéfinition du type 'struct'
  c:\program files (x86)\windows kits\8.1\include\um\winsock.h(1018): note: voir la déclaration de 'hostent'
c:\program files (x86)\windows kits\8.1\include\um\winsock2.h(249): error C2011: 'netent' : redéfinition du type 'struct'
  c:\program files (x86)\windows kits\8.1\include\um\winsock.h(172): note: voir la déclaration de 'netent'
c:\program files (x86)\windows kits\8.1\include\um\winsock2.h(256): error C2011: 'servent' : redéfinition du type 'struct'
  c:\program files (x86)\windows kits\8.1\include\um\winsock.h(1022): note: voir la déclaration de 'servent'
c:\program files (x86)\windows kits\8.1\include\um\winsock2.h(268): error C2011: 'protoent' : redéfinition du type 'struct'
  c:\program files (x86)\windows kits\8.1\include\um\winsock.h(1026): note: voir la déclaration de 'protoent'
c:\program files (x86)\windows kits\8.1\include\um\winsock2.h(364): error C2011: 'WSAData' : redéfinition du type 'struct'
  c:\program files (x86)\windows kits\8.1\include\um\winsock.h(314): note: voir la déclaration de 'WSAData'
c:\program files (x86)\windows kits\8.1\include\um\winsock2.h(462): error C2011: 'sockproto' : redéfinition du type 'struct'
  c:\program files (x86)\windows kits\8.1\include\um\winsock.h(486): note: voir la déclaration de 'sockproto'
c:\program files (x86)\windows kits\8.1\include\um\winsock2.h(504): error C2011: 'linger' : redéfinition du type 'struct'
  c:\program files (x86)\windows kits\8.1\include\um\winsock.h(1010): note: voir la déclaration de 'linger'
c:\program files (x86)\windows kits\8.1\include\um\winsock2.h(517): warning C4005: 'SOMAXCONN' : redéfinition de macro
  c:\program files (x86)\windows kits\8.1\include\um\winsock.h(536): note: voir la définition précédente de 'SOMAXCONN'
c:\program files (x86)\windows kits\8.1\include\um\winsock2.h(551): warning C4005: 'FD_READ' : redéfinition de macro
  c:\program files (x86)\windows kits\8.1\include\um\winsock.h(554): note: voir la définition précédente de 'FD_READ'
c:\program files (x86)\windows kits\8.1\include\um\winsock2.h(554): warning C4005: 'FD_WRITE' : redéfinition de macro
  c:\program files (x86)\windows kits\8.1\include\um\winsock.h(555): note: voir la définition précédente de 'FD_WRITE'
c:\program files (x86)\windows kits\8.1\include\um\winsock2.h(557): warning C4005: 'FD_OOB' : redéfinition de macro
  c:\program files (x86)\windows kits\8.1\include\um\winsock.h(556): note: voir la définition précédente de 'FD_OOB'
c:\program files (x86)\windows kits\8.1\include\um\winsock2.h(560): warning C4005: 'FD_ACCEPT' : redéfinition de macro
  c:\program files (x86)\windows kits\8.1\include\um\winsock.h(557): note: voir la définition précédente de 'FD_ACCEPT'
c:\program files (x86)\windows kits\8.1\include\um\winsock2.h(563): warning C4005: 'FD_CONNECT' : redéfinition de macro
  c:\program files (x86)\windows kits\8.1\include\um\winsock.h(558): note: voir la définition précédente de 'FD_CONNECT'
c:\program files (x86)\windows kits\8.1\include\um\winsock2.h(566): warning C4005: 'FD_CLOSE' : redéfinition de macro
  c:\program files (x86)\windows kits\8.1\include\um\winsock.h(559): note: voir la définition précédente de 'FD_CLOSE'
c:\program files (x86)\windows kits\8.1\include\um\winsock2.h(1646): error C2375: 'accept' : redéfinition ; liaison différente
  c:\program files (x86)\windows kits\8.1\include\um\winsock.h(734): note: voir la déclaration de 'accept'
c:\program files (x86)\windows kits\8.1\include\um\winsock2.h(1668): error C2375: 'bind' : redéfinition ; liaison différente
  c:\program files (x86)\windows kits\8.1\include\um\winsock.h(739): note: voir la déclaration de 'bind'
c:\program files (x86)\windows kits\8.1\include\um\winsock2.h(1689): error C2375: 'closesocket' : redéfinition ; liaison différente
  c:\program files (x86)\windows kits\8.1\include\um\winsock.h(744): note: voir la déclaration de 'closesocket'
c:\program files (x86)\windows kits\8.1\include\um\winsock2.h(1706): error C2375: 'connect' : redéfinition ; liaison différente
  c:\program files (x86)\windows kits\8.1\include\um\winsock.h(746): note: voir la déclaration de 'connect'
c:\program files (x86)\windows kits\8.1\include\um\winsock2.h(1727): error C2375: 'ioctlsocket' : redéfinition ; liaison différente
  c:\program files (x86)\windows kits\8.1\include\um\winsock.h(751): note: voir la déclaration de 'ioctlsocket'
c:\program files (x86)\windows kits\8.1\include\um\winsock2.h(1748): error C2375: 'getpeername' : redéfinition ; liaison différente
  c:\program files (x86)\windows kits\8.1\include\um\winsock.h(756): note: voir la déclaration de 'getpeername'
c:\program files (x86)\windows kits\8.1\include\um\winsock2.h(1769): error C2375: 'getsockname' : redéfinition ; liaison différente
  c:\program files (x86)\windows kits\8.1\include\um\winsock.h(761): note: voir la déclaration de 'getsockname'
c:\program files (x86)\windows kits\8.1\include\um\winsock2.h(1790): error C2375: 'getsockopt' : redéfinition ; liaison différente
  c:\program files (x86)\windows kits\8.1\include\um\winsock.h(766): note: voir la déclaration de 'getsockopt'
c:\program files (x86)\windows kits\8.1\include\um\winsock2.h(1815): error C2375: 'htonl' : redéfinition ; liaison différente
  c:\program files (x86)\windows kits\8.1\include\um\winsock.h(773): note: voir la déclaration de 'htonl'
c:\program files (x86)\windows kits\8.1\include\um\winsock2.h(1832): error C2375: 'htons' : redéfinition ; liaison différente
  c:\program files (x86)\windows kits\8.1\include\um\winsock.h(775): note: voir la déclaration de 'htons'
c:\program files (x86)\windows kits\8.1\include\um\winsock2.h(1850): error C2375: 'inet_addr' : redéfinition ; liaison différente
  c:\program files (x86)\windows kits\8.1\include\um\winsock.h(777): note: voir la déclaration de 'inet_addr'
c:\program files (x86)\windows kits\8.1\include\um\winsock2.h(1868): error C2375: 'inet_ntoa' : redéfinition ; liaison différente
  c:\program files (x86)\windows kits\8.1\include\um\winsock.h(779): note: voir la déclaration de 'inet_ntoa'
c:\program files (x86)\windows kits\8.1\include\um\winsock2.h(1968): error C2375: 'listen' : redéfinition ; liaison différente
  c:\program files (x86)\windows kits\8.1\include\um\winsock.h(781): note: voir la déclaration de 'listen'
c:\program files (x86)\windows kits\8.1\include\um\winsock2.h(1987): error C2375: 'ntohl' : redéfinition ; liaison différente
  c:\program files (x86)\windows kits\8.1\include\um\winsock.h(785): note: voir la déclaration de 'ntohl'
c:\program files (x86)\windows kits\8.1\include\um\winsock2.h(2004): error C2375: 'ntohs' : redéfinition ; liaison différente
  c:\program files (x86)\windows kits\8.1\include\um\winsock.h(787): note: voir la déclaration de 'ntohs'
c:\program files (x86)\windows kits\8.1\include\um\winsock2.h(2021): error C2375: 'recv' : redéfinition ; liaison différente
  c:\program files (x86)\windows kits\8.1\include\um\winsock.h(789): note: voir la déclaration de 'recv'
c:\program files (x86)\windows kits\8.1\include\um\winsock2.h(2044): error C2375: 'recvfrom' : redéfinition ; liaison différente
  c:\program files (x86)\windows kits\8.1\include\um\winsock.h(795): note: voir la déclaration de 'recvfrom'
c:\program files (x86)\windows kits\8.1\include\um\winsock2.h(2071): error C2375: 'select' : redéfinition ; liaison différente
  c:\program files (x86)\windows kits\8.1\include\um\winsock.h(803): note: voir la déclaration de 'select'
c:\program files (x86)\windows kits\8.1\include\um\winsock2.h(2096): error C2375: 'send' : redéfinition ; liaison différente
  c:\program files (x86)\windows kits\8.1\include\um\winsock.h(810): note: voir la déclaration de 'send'
c:\program files (x86)\windows kits\8.1\include\um\winsock2.h(2119): error C2375: 'sendto' : redéfinition ; liaison différente
  c:\program files (x86)\windows kits\8.1\include\um\winsock.h(816): note: voir la déclaration de 'sendto'
c:\program files (x86)\windows kits\8.1\include\um\winsock2.h(2146): error C2375: 'setsockopt' : redéfinition ; liaison différente
  c:\program files (x86)\windows kits\8.1\include\um\winsock.h(824): note: voir la déclaration de 'setsockopt'
c:\program files (x86)\windows kits\8.1\include\um\winsock2.h(2171): error C2375: 'shutdown' : redéfinition ; liaison différente
  c:\program files (x86)\windows kits\8.1\include\um\winsock.h(831): note: voir la déclaration de 'shutdown'
c:\program files (x86)\windows kits\8.1\include\um\winsock2.h(2191): error C2375: 'socket' : redéfinition ; liaison différente
  c:\program files (x86)\windows kits\8.1\include\um\winsock.h(835): note: voir la déclaration de 'socket'
c:\program files (x86)\windows kits\8.1\include\um\winsock2.h(2216): error C2375: 'gethostbyaddr' : redéfinition ; liaison différente
  c:\program files (x86)\windows kits\8.1\include\um\winsock.h(842): note: voir la déclaration de 'gethostbyaddr'
c:\program files (x86)\windows kits\8.1\include\um\winsock2.h(2238): error C2375: 'gethostbyname' : redéfinition ; liaison différente
  c:\program files (x86)\windows kits\8.1\include\um\winsock.h(847): note: voir la déclaration de 'gethostbyname'
c:\program files (x86)\windows kits\8.1\include\um\winsock2.h(2255): error C2375: 'gethostname' : redéfinition ; liaison différente
  c:\program files (x86)\windows kits\8.1\include\um\winsock.h(849): note: voir la déclaration de 'gethostname'
c:\program files (x86)\windows kits\8.1\include\um\winsock2.h(2295): error C2375: 'getservbyport' : redéfinition ; liaison différente
  c:\program files (x86)\windows kits\8.1\include\um\winsock.h(853): note: voir la déclaration de 'getservbyport'
c:\program files (x86)\windows kits\8.1\include\um\winsock2.h(2314): error C2375: 'getservbyname' : redéfinition ; liaison différente
  c:\program files (x86)\windows kits\8.1\include\um\winsock.h(857): note: voir la déclaration de 'getservbyname'
c:\program files (x86)\windows kits\8.1\include\um\winsock2.h(2333): error C2375: 'getprotobynumber' : redéfinition ; liaison différente
  c:\program files (x86)\windows kits\8.1\include\um\winsock.h(861): note: voir la déclaration de 'getprotobynumber'
c:\program files (x86)\windows kits\8.1\include\um\winsock2.h(2350): error C2375: 'getprotobyname' : redéfinition ; liaison différente
  c:\program files (x86)\windows kits\8.1\include\um\winsock.h(863): note: voir la déclaration de 'getprotobyname'
c:\program files (x86)\windows kits\8.1\include\um\winsock2.h(2370): error C2375: 'WSAStartup' : redéfinition ; liaison différente
  c:\program files (x86)\windows kits\8.1\include\um\winsock.h(867): note: voir la déclaration de 'WSAStartup'
c:\program files (x86)\windows kits\8.1\include\um\winsock2.h(2390): error C2375: 'WSACleanup' : redéfinition ; liaison différente
  c:\program files (x86)\windows kits\8.1\include\um\winsock.h(871): note: voir la déclaration de 'WSACleanup'
c:\program files (x86)\windows kits\8.1\include\um\winsock2.h(2407): error C2375: 'WSASetLastError' : redéfinition ; liaison différente
  c:\program files (x86)\windows kits\8.1\include\um\winsock.h(873): note: voir la déclaration de 'WSASetLastError'
c:\program files (x86)\windows kits\8.1\include\um\winsock2.h(2424): error C2375: 'WSAGetLastError' : redéfinition ; liaison différente
  c:\program files (x86)\windows kits\8.1\include\um\winsock.h(875): note: voir la déclaration de 'WSAGetLastError'
c:\program files (x86)\windows kits\8.1\include\um\winsock2.h(2445): error C2375: 'WSAIsBlocking' : redéfinition ; liaison différente
  c:\program files (x86)\windows kits\8.1\include\um\winsock.h(877): note: voir la déclaration de 'WSAIsBlocking'
c:\program files (x86)\windows kits\8.1\include\um\winsock2.h(2463): error C2375: 'WSAUnhookBlockingHook' : redéfinition ; liaison différente
  c:\program files (x86)\windows kits\8.1\include\um\winsock.h(879): note: voir la déclaration de 'WSAUnhookBlockingHook'
c:\program files (x86)\windows kits\8.1\include\um\winsock2.h(2481): error C2375: 'WSASetBlockingHook' : redéfinition ; liaison différente
  c:\program files (x86)\windows kits\8.1\include\um\winsock.h(881): note: voir la déclaration de 'WSASetBlockingHook'
c:\program files (x86)\windows kits\8.1\include\um\winsock2.h(2499): error C2375: 'WSACancelBlockingCall' : redéfinition ; liaison différente
  c:\program files (x86)\windows kits\8.1\include\um\winsock.h(883): note: voir la déclaration de 'WSACancelBlockingCall'
c:\program files (x86)\windows kits\8.1\include\um\winsock2.h(2517): error C2375: 'WSAAsyncGetServByName' : redéfinition ; liaison différente
  c:\program files (x86)\windows kits\8.1\include\um\winsock.h(885): note: voir la déclaration de 'WSAAsyncGetServByName'
c:\program files (x86)\windows kits\8.1\include\um\winsock2.h(2545): error C2375: 'WSAAsyncGetServByPort' : redéfinition ; liaison différente
  c:\program files (x86)\windows kits\8.1\include\um\winsock.h(893): note: voir la déclaration de 'WSAAsyncGetServByPort'
c:\program files (x86)\windows kits\8.1\include\um\winsock2.h(2573): error C2375: 'WSAAsyncGetProtoByName' : redéfinition ; liaison différente
  c:\program files (x86)\windows kits\8.1\include\um\winsock.h(901): note: voir la déclaration de 'WSAAsyncGetProtoByName'
c:\program files (x86)\windows kits\8.1\include\um\winsock2.h(2599): error C2375: 'WSAAsyncGetProtoByNumber' : redéfinition ; liaison différente
  c:\program files (x86)\windows kits\8.1\include\um\winsock.h(908): note: voir la déclaration de 'WSAAsyncGetProtoByNumber'
c:\program files (x86)\windows kits\8.1\include\um\winsock2.h(2625): error C2375: 'WSAAsyncGetHostByName' : redéfinition ; liaison différente
  c:\program files (x86)\windows kits\8.1\include\um\winsock.h(915): note: voir la déclaration de 'WSAAsyncGetHostByName'
c:\program files (x86)\windows kits\8.1\include\um\winsock2.h(2651): error C2375: 'WSAAsyncGetHostByAddr' : redéfinition ; liaison différente
  c:\program files (x86)\windows kits\8.1\include\um\winsock.h(922): note: voir la déclaration de 'WSAAsyncGetHostByAddr'
c:\program files (x86)\windows kits\8.1\include\um\winsock2.h(2681): error C2375: 'WSACancelAsyncRequest' : redéfinition ; liaison différente
  c:\program files (x86)\windows kits\8.1\include\um\winsock.h(931): note: voir la déclaration de 'WSACancelAsyncRequest'
c:\program files (x86)\windows kits\8.1\include\um\winsock2.h(2699): error C2375: 'WSAAsyncSelect' : redéfinition ; liaison différente
  c:\program files (x86)\windows kits\8.1\include\um\winsock.h(933): note: voir la déclaration de 'WSAAsyncSelect'
c:\program files (x86)\windows kits\8.1\include\shared\ws2ipdef.h(76): error C2079: 'sockaddr_gen::Address' utilise une struct de 'sockaddr' non défini
c:\program files (x86)\windows kits\8.1\include\shared\ws2ipdef.h(77): error C2079: 'sockaddr_gen::AddressIn' utilise une struct de 'sockaddr_in' non défini
c:\program files (x86)\windows kits\8.1\include\shared\ws2ipdef.h(120): warning C4005: 'IP_TOS' : redéfinition de macro
  c:\program files (x86)\windows kits\8.1\include\um\winsock.h(344): note: voir la définition précédente de 'IP_TOS'
c:\program files (x86)\windows kits\8.1\include\shared\ws2ipdef.h(121): warning C4005: 'IP_TTL' : redéfinition de macro
  c:\program files (x86)\windows kits\8.1\include\um\winsock.h(343): note: voir la définition précédente de 'IP_TTL'
c:\program files (x86)\windows kits\8.1\include\shared\ws2ipdef.h(122): warning C4005: 'IP_MULTICAST_IF' : redéfinition de macro
  c:\program files (x86)\windows kits\8.1\include\um\winsock.h(338): note: voir la définition précédente de 'IP_MULTICAST_IF'
c:\program files (x86)\windows kits\8.1\include\shared\ws2ipdef.h(123): warning C4005: 'IP_MULTICAST_TTL' : redéfinition de macro
  c:\program files (x86)\windows kits\8.1\include\um\winsock.h(339): note: voir la définition précédente de 'IP_MULTICAST_TTL'
c:\program files (x86)\windows kits\8.1\include\shared\ws2ipdef.h(124): warning C4005: 'IP_MULTICAST_LOOP' : redéfinition de macro
  c:\program files (x86)\windows kits\8.1\include\um\winsock.h(340): note: voir la définition précédente de 'IP_MULTICAST_LOOP'
c:\program files (x86)\windows kits\8.1\include\shared\ws2ipdef.h(125): warning C4005: 'IP_ADD_MEMBERSHIP' : redéfinition de macro
  c:\program files (x86)\windows kits\8.1\include\um\winsock.h(341): note: voir la définition précédente de 'IP_ADD_MEMBERSHIP'
c:\program files (x86)\windows kits\8.1\include\shared\ws2ipdef.h(126): warning C4005: 'IP_DROP_MEMBERSHIP' : redéfinition de macro
  c:\program files (x86)\windows kits\8.1\include\um\winsock.h(342): note: voir la définition précédente de 'IP_DROP_MEMBERSHIP'
c:\program files (x86)\windows kits\8.1\include\shared\ws2ipdef.h(127): warning C4005: 'IP_DONTFRAGMENT' : redéfinition de macro
  c:\program files (x86)\windows kits\8.1\include\um\winsock.h(345): note: voir la définition précédente de 'IP_DONTFRAGMENT'
c:\program files (x86)\windows kits\8.1\include\shared\ws2ipdef.h(202): error C2079: '_SOCKADDR_INET::Ipv4' utilise une struct de 'sockaddr_in' non défini
c:\program files (x86)\windows kits\8.1\include\shared\ws2ipdef.h(715): error C2011: 'ip_mreq' : redéfinition du type 'struct'
  c:\program files (x86)\windows kits\8.1\include\um\winsock.h(355): note: voir la déclaration de 'ip_mreq'
c:\users\danaiel\documents\visual studio 2015\projects\r-type_server\server r-type\server r-type\socket\windows\client\wsclient.h(54): error C2079: 'WSClient::_info' utilise une struct de 'sockaddr_in' non défini
c:\users\danaiel\documents\visual studio 2015\projects\r-type_server\server r-type\server r-type\socket\windows\serveur\wclient.hh(44): error C2079: 'WClient::_Info' utilise une struct de 'sockaddr_in' non défini
c:\users\danaiel\documents\visual studio 2015\projects\r-type_server\server r-type\server r-type\socket\windows\serveur\wsserveur.hh(53): error C2079: 'WSServeur::_Info' utilise une struct de 'sockaddr_in' non défini
  Player.cpp
c:\users\danaiel\documents\visual studio 2015\projects\r-type_server\server r-type\server r-type\player.cpp(1): fatal error C1041: impossible d'ouvrir la base de données du programme 'C:\Users\danaiel\Documents\Visual Studio 2015\Projects\r-type_server\Server R-Type\Server R-Type\Debug\vc140.pdb' ; si plusieurs CL.EXE écrivent dans le même fichier .PDB, utilisez /FS.
  Génération de code en cours...
